# JRE version: Java(TM) SE Runtime Environment (8.0_181-b13) (build 1.8.0_181-b13)
# Java VM: Java HotSpot(TM) 64-Bit Server VM (25.181-b13 mixed mode bsd-amd64 compressed oops)
Heap:
 PSYoungGen      total 141824K, used 3251K [0x00000007b5580000, 0x00000007bea80000, 0x00000007c0000000)
  eden space 131072K, 2% used [0x00000007b5580000,0x00000007b58acdb0,0x00000007bd580000)
  from space 10752K, 0% used [0x00000007bd580000,0x00000007bd580000,0x00000007be000000)
  to   space 10752K, 0% used [0x00000007be000000,0x00000007be000000,0x00000007bea80000)
 ParOldGen       total 175104K, used 1746K [0x00000007a0000000, 0x00000007aab00000, 0x00000007b5580000)
  object space 175104K, 0% used [0x00000007a0000000,0x00000007a01b4890,0x00000007aab00000)
 Metaspace       used 6295K, capacity 6488K, committed 6656K, reserved 1056768K
  class space    used 646K, capacity 692K, committed 768K, reserved 1048576K
GC Heap History (10 events):
Event: 50425.498 GC heap before
{Heap before GC invocations=21 (full 10):
 PSYoungGen      total 141824K, used 608K [0x00000007b5580000, 0x00000007bea80000, 0x00000007c0000000)
  eden space 131072K, 0% used [0x00000007b5580000,0x00000007b5580000,0x00000007bd580000)
  from space 10752K, 5% used [0x00000007bd580000,0x00000007bd618000,0x00000007be000000)
  to   space 10752K, 0% used [0x00000007be000000,0x00000007be000000,0x00000007bea80000)
 ParOldGen       total 175104K, used 1328K [0x00000007a0000000, 0x00000007aab00000, 0x00000007b5580000)
  object space 175104K, 0% used [0x00000007a0000000,0x00000007a014c130,0x00000007aab00000)
 Metaspace       used 6292K, capacity 6488K, committed 6656K, reserved 1056768K
  class space    used 646K, capacity 692K, committed 768K, reserved 1048576K
Event: 50425.506 GC heap after
Heap after GC invocations=21 (full 10):
 PSYoungGen      total 141824K, used 0K [0x00000007b5580000, 0x00000007bea80000, 0x00000007c0000000)
  eden space 131072K, 0% used [0x00000007b5580000,0x00000007b5580000,0x00000007bd580000)
  from space 10752K, 0% used [0x00000007bd580000,0x00000007bd580000,0x00000007be000000)
  to   space 10752K, 0% used [0x00000007be000000,0x00000007be000000,0x00000007bea80000)
 ParOldGen       total 175104K, used 1778K [0x00000007a0000000, 0x00000007aab00000, 0x00000007b5580000)
  object space 175104K, 1% used [0x00000007a0000000,0x00000007a01bc9d0,0x00000007aab00000)
 Metaspace       used 6292K, capacity 6488K, committed 6656K, reserved 1056768K
  class space    used 646K, capacity 692K, committed 768K, reserved 1048576K
}
Event: 50425.555 GC heap before
{Heap before GC invocations=22 (full 10):
 PSYoungGen      total 141824K, used 5136K [0x00000007b5580000, 0x00000007bea80000, 0x00000007c0000000)
  eden space 131072K, 3% used [0x00000007b5580000,0x00000007b5a84060,0x00000007bd580000)
  from space 10752K, 0% used [0x00000007bd580000,0x00000007bd580000,0x00000007be000000)
  to   space 10752K, 0% used [0x00000007be000000,0x00000007be000000,0x00000007bea80000)
 ParOldGen       total 175104K, used 1778K [0x00000007a0000000, 0x00000007aab00000, 0x00000007b5580000)
  object space 175104K, 1% used [0x00000007a0000000,0x00000007a01bc9d0,0x00000007aab00000)
 Metaspace       used 6292K, capacity 6488K, committed 6656K, reserved 1056768K
  class space    used 646K, capacity 692K, committed 768K, reserved 1048576K
Event: 50425.556 GC heap after
Heap after GC invocations=22 (full 10):
 PSYoungGen      total 141824K, used 576K [0x00000007b5580000, 0x00000007bea80000, 0x00000007c0000000)
  eden space 131072K, 0% used [0x00000007b5580000,0x00000007b5580000,0x00000007bd580000)
  from space 10752K, 5% used [0x00000007be000000,0x00000007be090000,0x00000007bea80000)
  to   space 10752K, 0% used [0x00000007bd580000,0x00000007bd580000,0x00000007be000000)
 ParOldGen       total 175104K, used 1778K [0x00000007a0000000, 0x00000007aab00000, 0x00000007b5580000)
  object space 175104K, 1% used [0x00000007a0000000,0x00000007a01bc9d0,0x00000007aab00000)
 Metaspace       used 6292K, capacity 6488K, committed 6656K, reserved 1056768K
  class space    used 646K, capacity 692K, committed 768K, reserved 1048576K
}
Event: 50425.556 GC heap before
{Heap before GC invocations=23 (full 11):
 PSYoungGen      total 141824K, used 576K [0x00000007b5580000, 0x00000007bea80000, 0x00000007c0000000)
  eden space 131072K, 0% used [0x00000007b5580000,0x00000007b5580000,0x00000007bd580000)
  from space 10752K, 5% used [0x00000007be000000,0x00000007be090000,0x00000007bea80000)
  to   space 10752K, 0% used [0x00000007bd580000,0x00000007bd580000,0x00000007be000000)
 ParOldGen       total 175104K, used 1778K [0x00000007a0000000, 0x00000007aab00000, 0x00000007b5580000)
  object space 175104K, 1% used [0x00000007a0000000,0x00000007a01bc9d0,0x00000007aab00000)
 Metaspace       used 6292K, capacity 6488K, committed 6656K, reserved 1056768K
  class space    used 646K, capacity 692K, committed 768K, reserved 1048576K
Event: 50425.566 GC heap after
Heap after GC invocations=23 (full 11):
 PSYoungGen      total 141824K, used 0K [0x00000007b5580000, 0x00000007bea80000, 0x00000007c0000000)
  eden space 131072K, 0% used [0x00000007b5580000,0x00000007b5580000,0x00000007bd580000)
  from space 10752K, 0% used [0x00000007be000000,0x00000007be000000,0x00000007bea80000)
  to   space 10752K, 0% used [0x00000007bd580000,0x00000007bd580000,0x00000007be000000)
 ParOldGen       total 175104K, used 1744K [0x00000007a0000000, 0x00000007aab00000, 0x00000007b5580000)
  object space 175104K, 0% used [0x00000007a0000000,0x00000007a01b40a0,0x00000007aab00000)
 Metaspace       used 6292K, capacity 6488K, committed 6656K, reserved 1056768K
  class space    used 646K, capacity 692K, committed 768K, reserved 1048576K
}
Event: 50425.607 GC heap before
{Heap before GC invocations=24 (full 11):
 PSYoungGen      total 141824K, used 6449K [0x00000007b5580000, 0x00000007bea80000, 0x00000007c0000000)
  eden space 131072K, 4% used [0x00000007b5580000,0x00000007b5bcc7e8,0x00000007bd580000)
  from space 10752K, 0% used [0x00000007be000000,0x00000007be000000,0x00000007bea80000)
  to   space 10752K, 0% used [0x00000007bd580000,0x00000007bd580000,0x00000007be000000)
 ParOldGen       total 175104K, used 1744K [0x00000007a0000000, 0x00000007aab00000, 0x00000007b5580000)
  object space 175104K, 0% used [0x00000007a0000000,0x00000007a01b40a0,0x00000007aab00000)
 Metaspace       used 6295K, capacity 6488K, committed 6656K, reserved 1056768K
  class space    used 646K, capacity 692K, committed 768K, reserved 1048576K
Event: 50425.607 GC heap after
Heap after GC invocations=24 (full 11):
 PSYoungGen      total 141824K, used 96K [0x00000007b5580000, 0x00000007bea80000, 0x00000007c0000000)
  eden space 131072K, 0% used [0x00000007b5580000,0x00000007b5580000,0x00000007bd580000)
  from space 10752K, 0% used [0x00000007bd580000,0x00000007bd598000,0x00000007be000000)
  to   space 10752K, 0% used [0x00000007be000000,0x00000007be000000,0x00000007bea80000)
 ParOldGen       total 175104K, used 1752K [0x00000007a0000000, 0x00000007aab00000, 0x00000007b5580000)
  object space 175104K, 1% used [0x00000007a0000000,0x00000007a01b60a0,0x00000007aab00000)
 Metaspace       used 6295K, capacity 6488K, committed 6656K, reserved 1056768K
  class space    used 646K, capacity 692K, committed 768K, reserved 1048576K
}
Event: 50425.607 GC heap before
{Heap before GC invocations=25 (full 12):
 PSYoungGen      total 141824K, used 96K [0x00000007b5580000, 0x00000007bea80000, 0x00000007c0000000)
  eden space 131072K, 0% used [0x00000007b5580000,0x00000007b5580000,0x00000007bd580000)
  from space 10752K, 0% used [0x00000007bd580000,0x00000007bd598000,0x00000007be000000)
  to   space 10752K, 0% used [0x00000007be000000,0x00000007be000000,0x00000007bea80000)
 ParOldGen       total 175104K, used 1752K [0x00000007a0000000, 0x00000007aab00000, 0x00000007b5580000)
  object space 175104K, 1% used [0x00000007a0000000,0x00000007a01b60a0,0x00000007aab00000)
 Metaspace       used 6295K, capacity 6488K, committed 6656K, reserved 1056768K
  class space    used 646K, capacity 692K, committed 768K, reserved 1048576K
Event: 50425.617 GC heap after
Heap after GC invocations=25 (full 12):
 PSYoungGen      total 141824K, used 0K [0x00000007b5580000, 0x00000007bea80000, 0x00000007c0000000)
  eden space 131072K, 0% used [0x00000007b5580000,0x00000007b5580000,0x00000007bd580000)
  from space 10752K, 0% used [0x00000007bd580000,0x00000007bd580000,0x00000007be000000)
  to   space 10752K, 0% used [0x00000007be000000,0x00000007be000000,0x00000007bea80000)
 ParOldGen       total 175104K, used 1746K [0x00000007a0000000, 0x00000007aab00000, 0x00000007b5580000)
  object space 175104K, 0% used [0x00000007a0000000,0x00000007a01b4890,0x00000007aab00000)
 Metaspace       used 6295K, capacity 6488K, committed 6656K, reserved 1056768K
  class space    used 646K, capacity 692K, committed 768K, reserved 1048576K
}

